{"/Users/mohammadrostami/Projects/deep-cleaner-js/src/index.ts": {"path":"/Users/mohammadrostami/Projects/deep-cleaner-js/src/index.ts","statementMap":{"0":{"start":{"line":22,"column":0},"end":{"line":22,"column":16}},"1":{"start":{"line":5,"column":4},"end":{"line":5,"column":71}},"2":{"start":{"line":10,"column":4},"end":{"line":15,"column":6}},"3":{"start":{"line":28,"column":8},"end":{"line":28,"column":15}},"4":{"start":{"line":31,"column":4},"end":{"line":37,"column":5}},"5":{"start":{"line":32,"column":8},"end":{"line":32,"column":75}},"6":{"start":{"line":32,"column":28},"end":{"line":32,"column":75}},"7":{"start":{"line":33,"column":8},"end":{"line":33,"column":85}},"8":{"start":{"line":33,"column":33},"end":{"line":33,"column":85}},"9":{"start":{"line":34,"column":8},"end":{"line":34,"column":70}},"10":{"start":{"line":34,"column":46},"end":{"line":34,"column":70}},"11":{"start":{"line":35,"column":8},"end":{"line":35,"column":62}},"12":{"start":{"line":35,"column":38},"end":{"line":35,"column":62}},"13":{"start":{"line":36,"column":8},"end":{"line":36,"column":21}},"14":{"start":{"line":40,"column":4},"end":{"line":42,"column":5}},"15":{"start":{"line":41,"column":8},"end":{"line":41,"column":43}},"16":{"start":{"line":45,"column":4},"end":{"line":63,"column":5}},"17":{"start":{"line":46,"column":27},"end":{"line":46,"column":29}},"18":{"start":{"line":47,"column":8},"end":{"line":47,"column":36}},"19":{"start":{"line":49,"column":8},"end":{"line":60,"column":9}},"20":{"start":{"line":50,"column":28},"end":{"line":50,"column":58}},"21":{"start":{"line":52,"column":12},"end":{"line":52,"column":57}},"22":{"start":{"line":52,"column":48},"end":{"line":52,"column":57}},"23":{"start":{"line":53,"column":12},"end":{"line":53,"column":67}},"24":{"start":{"line":53,"column":58},"end":{"line":53,"column":67}},"25":{"start":{"line":54,"column":12},"end":{"line":54,"column":61}},"26":{"start":{"line":54,"column":52},"end":{"line":54,"column":61}},"27":{"start":{"line":55,"column":12},"end":{"line":55,"column":53}},"28":{"start":{"line":55,"column":44},"end":{"line":55,"column":53}},"29":{"start":{"line":56,"column":12},"end":{"line":56,"column":73}},"30":{"start":{"line":56,"column":64},"end":{"line":56,"column":73}},"31":{"start":{"line":57,"column":12},"end":{"line":57,"column":86}},"32":{"start":{"line":57,"column":77},"end":{"line":57,"column":86}},"33":{"start":{"line":59,"column":12},"end":{"line":59,"column":30}},"34":{"start":{"line":62,"column":8},"end":{"line":62,"column":26}},"35":{"start":{"line":66,"column":57},"end":{"line":66,"column":59}},"36":{"start":{"line":67,"column":4},"end":{"line":67,"column":39}},"37":{"start":{"line":69,"column":17},"end":{"line":72,"column":6}},"38":{"start":{"line":74,"column":4},"end":{"line":86,"column":5}},"39":{"start":{"line":75,"column":21},"end":{"line":75,"column":39}},"40":{"start":{"line":76,"column":24},"end":{"line":76,"column":53}},"41":{"start":{"line":78,"column":8},"end":{"line":78,"column":53}},"42":{"start":{"line":78,"column":44},"end":{"line":78,"column":53}},"43":{"start":{"line":79,"column":8},"end":{"line":79,"column":63}},"44":{"start":{"line":79,"column":54},"end":{"line":79,"column":63}},"45":{"start":{"line":80,"column":8},"end":{"line":80,"column":57}},"46":{"start":{"line":80,"column":48},"end":{"line":80,"column":57}},"47":{"start":{"line":81,"column":8},"end":{"line":81,"column":49}},"48":{"start":{"line":81,"column":40},"end":{"line":81,"column":49}},"49":{"start":{"line":82,"column":8},"end":{"line":82,"column":69}},"50":{"start":{"line":82,"column":60},"end":{"line":82,"column":69}},"51":{"start":{"line":83,"column":8},"end":{"line":83,"column":82}},"52":{"start":{"line":83,"column":73},"end":{"line":83,"column":82}},"53":{"start":{"line":85,"column":8},"end":{"line":85,"column":34}},"54":{"start":{"line":88,"column":4},"end":{"line":88,"column":27}},"55":{"start":{"line":91,"column":0},"end":{"line":91,"column":25}}},"fnMap":{"0":{"name":"isPlainObject","decl":{"start":{"line":4,"column":9},"end":{"line":4,"column":22}},"loc":{"start":{"line":4,"column":37},"end":{"line":6,"column":1}}},"1":{"name":"isAtomicValue","decl":{"start":{"line":9,"column":9},"end":{"line":9,"column":22}},"loc":{"start":{"line":9,"column":37},"end":{"line":16,"column":1}}},"2":{"name":"deepClean","decl":{"start":{"line":22,"column":16},"end":{"line":22,"column":25}},"loc":{"start":{"line":22,"column":91},"end":{"line":89,"column":1}}}},"branchMap":{"0":{"loc":{"start":{"line":11,"column":8},"end":{"line":14,"column":82}},"type":"binary-expr","locations":[{"start":{"line":11,"column":8},"end":{"line":11,"column":33}},{"start":{"line":12,"column":8},"end":{"line":12,"column":22}},{"start":{"line":13,"column":9},"end":{"line":13,"column":30}},{"start":{"line":13,"column":34},"end":{"line":13,"column":55}},{"start":{"line":14,"column":9},"end":{"line":14,"column":42}},{"start":{"line":14,"column":46},"end":{"line":14,"column":81}}]},"1":{"loc":{"start":{"line":14,"column":10},"end":{"line":14,"column":29}},"type":"cond-expr","locations":[{"start":{"line":14,"column":15},"end":{"line":14,"column":23}},{"start":{"line":14,"column":10},"end":{"line":14,"column":29}}]},"2":{"loc":{"start":{"line":14,"column":10},"end":{"line":14,"column":23}},"type":"binary-expr","locations":[{"start":{"line":14,"column":10},"end":{"line":14,"column":25}},{"start":{"line":14,"column":10},"end":{"line":14,"column":23}}]},"3":{"loc":{"start":{"line":14,"column":61},"end":{"line":14,"column":80}},"type":"cond-expr","locations":[{"start":{"line":14,"column":66},"end":{"line":14,"column":74}},{"start":{"line":14,"column":61},"end":{"line":14,"column":80}}]},"4":{"loc":{"start":{"line":14,"column":61},"end":{"line":14,"column":74}},"type":"binary-expr","locations":[{"start":{"line":14,"column":61},"end":{"line":14,"column":76}},{"start":{"line":14,"column":61},"end":{"line":14,"column":74}}]},"5":{"loc":{"start":{"line":22,"column":39},"end":{"line":22,"column":69}},"type":"default-arg","locations":[{"start":{"line":22,"column":67},"end":{"line":22,"column":69}}]},"6":{"loc":{"start":{"line":22,"column":71},"end":{"line":22,"column":91}},"type":"default-arg","locations":[{"start":{"line":22,"column":78},"end":{"line":22,"column":91}}]},"7":{"loc":{"start":{"line":24,"column":8},"end":{"line":24,"column":25}},"type":"default-arg","locations":[{"start":{"line":24,"column":21},"end":{"line":24,"column":25}}]},"8":{"loc":{"start":{"line":25,"column":8},"end":{"line":25,"column":30}},"type":"default-arg","locations":[{"start":{"line":25,"column":26},"end":{"line":25,"column":30}}]},"9":{"loc":{"start":{"line":26,"column":8},"end":{"line":26,"column":32}},"type":"default-arg","locations":[{"start":{"line":26,"column":27},"end":{"line":26,"column":32}}]},"10":{"loc":{"start":{"line":27,"column":8},"end":{"line":27,"column":25}},"type":"default-arg","locations":[{"start":{"line":27,"column":20},"end":{"line":27,"column":25}}]},"11":{"loc":{"start":{"line":31,"column":4},"end":{"line":37,"column":5}},"type":"if","locations":[{"start":{"line":31,"column":4},"end":{"line":37,"column":5}}]},"12":{"loc":{"start":{"line":32,"column":8},"end":{"line":32,"column":75}},"type":"if","locations":[{"start":{"line":32,"column":8},"end":{"line":32,"column":75}}]},"13":{"loc":{"start":{"line":32,"column":36},"end":{"line":32,"column":66}},"type":"cond-expr","locations":[{"start":{"line":32,"column":49},"end":{"line":32,"column":58}},{"start":{"line":32,"column":61},"end":{"line":32,"column":66}}]},"14":{"loc":{"start":{"line":33,"column":8},"end":{"line":33,"column":85}},"type":"if","locations":[{"start":{"line":33,"column":8},"end":{"line":33,"column":85}}]},"15":{"loc":{"start":{"line":33,"column":41},"end":{"line":33,"column":76}},"type":"cond-expr","locations":[{"start":{"line":33,"column":59},"end":{"line":33,"column":68}},{"start":{"line":33,"column":71},"end":{"line":33,"column":76}}]},"16":{"loc":{"start":{"line":34,"column":8},"end":{"line":34,"column":70}},"type":"if","locations":[{"start":{"line":34,"column":8},"end":{"line":34,"column":70}}]},"17":{"loc":{"start":{"line":34,"column":12},"end":{"line":34,"column":44}},"type":"binary-expr","locations":[{"start":{"line":34,"column":12},"end":{"line":34,"column":28}},{"start":{"line":34,"column":32},"end":{"line":34,"column":44}}]},"18":{"loc":{"start":{"line":35,"column":8},"end":{"line":35,"column":62}},"type":"if","locations":[{"start":{"line":35,"column":8},"end":{"line":35,"column":62}}]},"19":{"loc":{"start":{"line":35,"column":12},"end":{"line":35,"column":36}},"type":"binary-expr","locations":[{"start":{"line":35,"column":12},"end":{"line":35,"column":21}},{"start":{"line":35,"column":25},"end":{"line":35,"column":36}}]},"20":{"loc":{"start":{"line":40,"column":4},"end":{"line":42,"column":5}},"type":"if","locations":[{"start":{"line":40,"column":4},"end":{"line":42,"column":5}}]},"21":{"loc":{"start":{"line":45,"column":4},"end":{"line":63,"column":5}},"type":"if","locations":[{"start":{"line":45,"column":4},"end":{"line":63,"column":5}}]},"22":{"loc":{"start":{"line":52,"column":12},"end":{"line":52,"column":57}},"type":"if","locations":[{"start":{"line":52,"column":12},"end":{"line":52,"column":57}}]},"23":{"loc":{"start":{"line":52,"column":16},"end":{"line":52,"column":46}},"type":"binary-expr","locations":[{"start":{"line":52,"column":16},"end":{"line":52,"column":26}},{"start":{"line":52,"column":30},"end":{"line":52,"column":46}}]},"24":{"loc":{"start":{"line":53,"column":12},"end":{"line":53,"column":67}},"type":"if","locations":[{"start":{"line":53,"column":12},"end":{"line":53,"column":67}}]},"25":{"loc":{"start":{"line":53,"column":16},"end":{"line":53,"column":56}},"type":"binary-expr","locations":[{"start":{"line":53,"column":16},"end":{"line":53,"column":31}},{"start":{"line":53,"column":35},"end":{"line":53,"column":56}}]},"26":{"loc":{"start":{"line":54,"column":12},"end":{"line":54,"column":61}},"type":"if","locations":[{"start":{"line":54,"column":12},"end":{"line":54,"column":61}}]},"27":{"loc":{"start":{"line":54,"column":16},"end":{"line":54,"column":50}},"type":"binary-expr","locations":[{"start":{"line":54,"column":16},"end":{"line":54,"column":32}},{"start":{"line":54,"column":36},"end":{"line":54,"column":50}}]},"28":{"loc":{"start":{"line":55,"column":12},"end":{"line":55,"column":53}},"type":"if","locations":[{"start":{"line":55,"column":12},"end":{"line":55,"column":53}}]},"29":{"loc":{"start":{"line":55,"column":16},"end":{"line":55,"column":42}},"type":"binary-expr","locations":[{"start":{"line":55,"column":16},"end":{"line":55,"column":25}},{"start":{"line":55,"column":29},"end":{"line":55,"column":42}}]},"30":{"loc":{"start":{"line":56,"column":12},"end":{"line":56,"column":73}},"type":"if","locations":[{"start":{"line":56,"column":12},"end":{"line":56,"column":73}}]},"31":{"loc":{"start":{"line":56,"column":16},"end":{"line":56,"column":62}},"type":"binary-expr","locations":[{"start":{"line":56,"column":16},"end":{"line":56,"column":38}},{"start":{"line":56,"column":42},"end":{"line":56,"column":62}}]},"32":{"loc":{"start":{"line":57,"column":12},"end":{"line":57,"column":86}},"type":"if","locations":[{"start":{"line":57,"column":12},"end":{"line":57,"column":86}}]},"33":{"loc":{"start":{"line":57,"column":16},"end":{"line":57,"column":75}},"type":"binary-expr","locations":[{"start":{"line":57,"column":16},"end":{"line":57,"column":38}},{"start":{"line":57,"column":42},"end":{"line":57,"column":75}}]},"34":{"loc":{"start":{"line":78,"column":8},"end":{"line":78,"column":53}},"type":"if","locations":[{"start":{"line":78,"column":8},"end":{"line":78,"column":53}}]},"35":{"loc":{"start":{"line":78,"column":12},"end":{"line":78,"column":42}},"type":"binary-expr","locations":[{"start":{"line":78,"column":12},"end":{"line":78,"column":22}},{"start":{"line":78,"column":26},"end":{"line":78,"column":42}}]},"36":{"loc":{"start":{"line":79,"column":8},"end":{"line":79,"column":63}},"type":"if","locations":[{"start":{"line":79,"column":8},"end":{"line":79,"column":63}}]},"37":{"loc":{"start":{"line":79,"column":12},"end":{"line":79,"column":52}},"type":"binary-expr","locations":[{"start":{"line":79,"column":12},"end":{"line":79,"column":27}},{"start":{"line":79,"column":31},"end":{"line":79,"column":52}}]},"38":{"loc":{"start":{"line":80,"column":8},"end":{"line":80,"column":57}},"type":"if","locations":[{"start":{"line":80,"column":8},"end":{"line":80,"column":57}}]},"39":{"loc":{"start":{"line":80,"column":12},"end":{"line":80,"column":46}},"type":"binary-expr","locations":[{"start":{"line":80,"column":12},"end":{"line":80,"column":28}},{"start":{"line":80,"column":32},"end":{"line":80,"column":46}}]},"40":{"loc":{"start":{"line":81,"column":8},"end":{"line":81,"column":49}},"type":"if","locations":[{"start":{"line":81,"column":8},"end":{"line":81,"column":49}}]},"41":{"loc":{"start":{"line":81,"column":12},"end":{"line":81,"column":38}},"type":"binary-expr","locations":[{"start":{"line":81,"column":12},"end":{"line":81,"column":21}},{"start":{"line":81,"column":25},"end":{"line":81,"column":38}}]},"42":{"loc":{"start":{"line":82,"column":8},"end":{"line":82,"column":69}},"type":"if","locations":[{"start":{"line":82,"column":8},"end":{"line":82,"column":69}}]},"43":{"loc":{"start":{"line":82,"column":12},"end":{"line":82,"column":58}},"type":"binary-expr","locations":[{"start":{"line":82,"column":12},"end":{"line":82,"column":34}},{"start":{"line":82,"column":38},"end":{"line":82,"column":58}}]},"44":{"loc":{"start":{"line":83,"column":8},"end":{"line":83,"column":82}},"type":"if","locations":[{"start":{"line":83,"column":8},"end":{"line":83,"column":82}}]},"45":{"loc":{"start":{"line":83,"column":12},"end":{"line":83,"column":71}},"type":"binary-expr","locations":[{"start":{"line":83,"column":12},"end":{"line":83,"column":34}},{"start":{"line":83,"column":38},"end":{"line":83,"column":71}}]}},"s":{"0":1,"1":1469,"2":3461,"3":3461,"4":3461,"5":3264,"6":53,"7":3211,"8":16,"9":3195,"10":1036,"11":2159,"12":1035,"13":1124,"14":197,"15":3,"16":194,"17":53,"18":53,"19":53,"20":1129,"21":1129,"22":0,"23":1129,"24":705,"25":424,"26":0,"27":424,"28":0,"29":424,"30":12,"31":412,"32":14,"33":398,"34":53,"35":141,"36":141,"37":141,"38":141,"39":2269,"40":2269,"41":2269,"42":0,"43":2269,"44":1421,"45":848,"46":0,"47":848,"48":0,"49":848,"50":5,"51":843,"52":25,"53":818,"54":141,"55":1},"f":{"0":1469,"1":3461,"2":3461},"b":{"0":[3461,267,214,68,199,2],"1":[0,199],"2":[199,199],"3":[0,2],"4":[2,2],"5":[37],"6":[63],"7":[3299],"8":[3320],"9":[238],"10":[238],"11":[3264],"12":[53],"13":[48,5],"14":[16],"15":[13,3],"16":[1036],"17":[3195,3114],"18":[1035],"19":[2159,2084],"20":[3],"21":[53],"22":[0],"23":[1129,1123],"24":[705],"25":[1129,1123],"26":[0],"27":[424,374],"28":[0],"29":[424,375],"30":[12],"31":[424,21],"32":[14],"33":[412,29],"34":[0],"35":[2269,2256],"36":[1421],"37":[2269,2259],"38":[0],"39":[848,752],"40":[0],"41":[848,752],"42":[5],"43":[848,30],"44":[25],"45":[843,64]}}
}
