TN:
SF:src/index.ts
FN:4,isPlainObject
FN:9,isAtomicValue
FN:22,deepClean
FNF:3
FNH:3
FNDA:1469,isPlainObject
FNDA:3461,isAtomicValue
FNDA:3461,deepClean
DA:5,1469
DA:10,3461
DA:22,1
DA:28,3461
DA:31,3461
DA:32,3264
DA:33,3211
DA:34,3195
DA:35,2159
DA:36,1124
DA:40,197
DA:41,3
DA:45,194
DA:46,53
DA:47,53
DA:49,53
DA:50,1129
DA:52,1129
DA:53,1129
DA:54,424
DA:55,424
DA:56,424
DA:57,412
DA:59,398
DA:62,53
DA:66,141
DA:67,141
DA:69,141
DA:74,141
DA:75,2269
DA:76,2269
DA:78,2269
DA:79,2269
DA:80,848
DA:81,848
DA:82,848
DA:83,843
DA:85,818
DA:88,141
DA:91,1
LF:40
LH:40
BRDA:11,0,0,3461
BRDA:11,0,1,267
BRDA:11,0,2,214
BRDA:11,0,3,68
BRDA:11,0,4,199
BRDA:11,0,5,2
BRDA:14,1,0,0
BRDA:14,1,1,199
BRDA:14,2,0,199
BRDA:14,2,1,199
BRDA:14,3,0,0
BRDA:14,3,1,2
BRDA:14,4,0,2
BRDA:14,4,1,2
BRDA:22,5,0,37
BRDA:22,6,0,63
BRDA:24,7,0,3299
BRDA:25,8,0,3320
BRDA:26,9,0,238
BRDA:27,10,0,238
BRDA:31,11,0,3264
BRDA:32,12,0,53
BRDA:32,13,0,48
BRDA:32,13,1,5
BRDA:33,14,0,16
BRDA:33,15,0,13
BRDA:33,15,1,3
BRDA:34,16,0,1036
BRDA:34,17,0,3195
BRDA:34,17,1,3114
BRDA:35,18,0,1035
BRDA:35,19,0,2159
BRDA:35,19,1,2084
BRDA:40,20,0,3
BRDA:45,21,0,53
BRDA:52,22,0,0
BRDA:52,23,0,1129
BRDA:52,23,1,1123
BRDA:53,24,0,705
BRDA:53,25,0,1129
BRDA:53,25,1,1123
BRDA:54,26,0,0
BRDA:54,27,0,424
BRDA:54,27,1,374
BRDA:55,28,0,0
BRDA:55,29,0,424
BRDA:55,29,1,375
BRDA:56,30,0,12
BRDA:56,31,0,424
BRDA:56,31,1,21
BRDA:57,32,0,14
BRDA:57,33,0,412
BRDA:57,33,1,29
BRDA:78,34,0,0
BRDA:78,35,0,2269
BRDA:78,35,1,2256
BRDA:79,36,0,1421
BRDA:79,37,0,2269
BRDA:79,37,1,2259
BRDA:80,38,0,0
BRDA:80,39,0,848
BRDA:80,39,1,752
BRDA:81,40,0,0
BRDA:81,41,0,848
BRDA:81,41,1,752
BRDA:82,42,0,5
BRDA:82,43,0,848
BRDA:82,43,1,30
BRDA:83,44,0,25
BRDA:83,45,0,843
BRDA:83,45,1,64
BRF:71
BRH:63
end_of_record
